<?xml version='1.0' encoding='UTF-8'?>
<testsuite hostname="Espen" name="AccountTests" tests="7" errors="0" failures="0" skipped="0" time="2.037" timestamp="2024-10-09T14:16:49">
          <properties>
[...]
</properties>
          <testcase classname="AccountTests" name="Test 01: Account should be immutable" time="0.015">
                      
                    </testcase><testcase classname="AccountTests" name="Test 02: Valid account withdrawal" time="0.001">
                      
                    </testcase><testcase classname="AccountTests" name="Test 03: Invalid account withdrawal should return error message" time="0.001">
                      
                    </testcase><testcase classname="AccountTests" name="Test 04: Withdrawal of negative amount should return error message" time="0.0">
                      
                    </testcase><testcase classname="AccountTests" name="Test 05: Valid account deposit" time="0.0">
                      
                    </testcase><testcase classname="AccountTests" name="Test 06: Deposit of negative amount should return an error" time="0.0">
                      
                    </testcase><testcase classname="AccountTests" name="Test 07: Correct balance amount after several withdrawals and deposits" time="2.02">
                      
                    </testcase>
          <system-out><![CDATA[]]></system-out>
          <system-err><![CDATA[]]></system-err>
        </testsuite>